  AABBCollider.cpp
C:\SFML\SFML-3.0.0\include\SFML\System\Exception.hpp(41,47): warning C4275: non dll-interface class 'std::runtime_error' used as base for dll-interface class 'sf::Exception'
  (compiling source file 'AABBCollider.cpp')
      C:\Program Files\Microsoft Visual Studio\2022\Preview\VC\Tools\MSVC\14.44.35207\include\stdexcept(100,30):
      see declaration of 'std::runtime_error'
      C:\SFML\SFML-3.0.0\include\SFML\System\Exception.hpp(41,23):
      see declaration of 'sf::Exception'
  
D:\Repos\CellularMap\Engine.h(3,10): warning C4067: unexpected tokens following preprocessor directive - expected a newline
  (compiling source file 'AABBCollider.cpp')
  
  Behaviour.cpp
C:\SFML\SFML-3.0.0\include\SFML\System\Exception.hpp(41,47): warning C4275: non dll-interface class 'std::runtime_error' used as base for dll-interface class 'sf::Exception'
  (compiling source file 'Behaviour.cpp')
      C:\Program Files\Microsoft Visual Studio\2022\Preview\VC\Tools\MSVC\14.44.35207\include\stdexcept(100,30):
      see declaration of 'std::runtime_error'
      C:\SFML\SFML-3.0.0\include\SFML\System\Exception.hpp(41,23):
      see declaration of 'sf::Exception'
  
D:\Repos\CellularMap\Engine.h(3,10): warning C4067: unexpected tokens following preprocessor directive - expected a newline
  (compiling source file 'Behaviour.cpp')
  
  BoxRenderer.cpp
C:\SFML\SFML-3.0.0\include\SFML\System\Exception.hpp(41,47): warning C4275: non dll-interface class 'std::runtime_error' used as base for dll-interface class 'sf::Exception'
  (compiling source file 'BoxRenderer.cpp')
      C:\Program Files\Microsoft Visual Studio\2022\Preview\VC\Tools\MSVC\14.44.35207\include\stdexcept(100,30):
      see declaration of 'std::runtime_error'
      C:\SFML\SFML-3.0.0\include\SFML\System\Exception.hpp(41,23):
      see declaration of 'sf::Exception'
  
D:\Repos\CellularMap\Engine.h(3,10): warning C4067: unexpected tokens following preprocessor directive - expected a newline
  (compiling source file 'BoxRenderer.cpp')
  
  Engine.cpp
C:\SFML\SFML-3.0.0\include\SFML\System\Exception.hpp(41,47): warning C4275: non dll-interface class 'std::runtime_error' used as base for dll-interface class 'sf::Exception'
  (compiling source file 'Engine.cpp')
      C:\Program Files\Microsoft Visual Studio\2022\Preview\VC\Tools\MSVC\14.44.35207\include\stdexcept(100,30):
      see declaration of 'std::runtime_error'
      C:\SFML\SFML-3.0.0\include\SFML\System\Exception.hpp(41,23):
      see declaration of 'sf::Exception'
  
D:\Repos\CellularMap\Engine.h(3,10): warning C4067: unexpected tokens following preprocessor directive - expected a newline
  (compiling source file 'Engine.cpp')
  
D:\Repos\CellularMap\Engine.cpp(80,73): warning C4244: 'argument': conversion from 'T' to 'T', possible loss of data
D:\Repos\CellularMap\Engine.cpp(80,73): warning C4244:         with
D:\Repos\CellularMap\Engine.cpp(80,73): warning C4244:         [
D:\Repos\CellularMap\Engine.cpp(80,73): warning C4244:             T=int
D:\Repos\CellularMap\Engine.cpp(80,73): warning C4244:         ]
D:\Repos\CellularMap\Engine.cpp(80,73): warning C4244:         and
D:\Repos\CellularMap\Engine.cpp(80,73): warning C4244:         [
D:\Repos\CellularMap\Engine.cpp(80,73): warning C4244:             T=float
D:\Repos\CellularMap\Engine.cpp(80,73): warning C4244:         ]
D:\Repos\CellularMap\Engine.cpp(80,61): warning C4244: 'argument': conversion from 'T' to 'T', possible loss of data
D:\Repos\CellularMap\Engine.cpp(80,61): warning C4244:         with
D:\Repos\CellularMap\Engine.cpp(80,61): warning C4244:         [
D:\Repos\CellularMap\Engine.cpp(80,61): warning C4244:             T=int
D:\Repos\CellularMap\Engine.cpp(80,61): warning C4244:         ]
D:\Repos\CellularMap\Engine.cpp(80,61): warning C4244:         and
D:\Repos\CellularMap\Engine.cpp(80,61): warning C4244:         [
D:\Repos\CellularMap\Engine.cpp(80,61): warning C4244:             T=float
D:\Repos\CellularMap\Engine.cpp(80,61): warning C4244:         ]
D:\Repos\CellularMap\Engine.cpp(91,27): warning C4018: '<': signed/unsigned mismatch
D:\Repos\CellularMap\Engine.cpp(104,27): warning C4018: '<': signed/unsigned mismatch
D:\Repos\CellularMap\Engine.cpp(121,23): warning C4018: '<': signed/unsigned mismatch
  FontManager.cpp
D:\Repos\CellularMap\FontManager.h(3,10): warning C4067: unexpected tokens following preprocessor directive - expected a newline
  (compiling source file 'FontManager.cpp')
  
  GameObject.cpp
C:\SFML\SFML-3.0.0\include\SFML\System\Exception.hpp(41,47): warning C4275: non dll-interface class 'std::runtime_error' used as base for dll-interface class 'sf::Exception'
  (compiling source file 'GameObject.cpp')
      C:\Program Files\Microsoft Visual Studio\2022\Preview\VC\Tools\MSVC\14.44.35207\include\stdexcept(100,30):
      see declaration of 'std::runtime_error'
      C:\SFML\SFML-3.0.0\include\SFML\System\Exception.hpp(41,23):
      see declaration of 'sf::Exception'
  
D:\Repos\CellularMap\Engine.h(3,10): warning C4067: unexpected tokens following preprocessor directive - expected a newline
  (compiling source file 'GameObject.cpp')
  
D:\Repos\CellularMap\GameObject.cpp(38,20): warning C4018: '<': signed/unsigned mismatch
  image.cpp
C:\SFML\SFML-3.0.0\include\SFML\System\Exception.hpp(41,47): warning C4275: non dll-interface class 'std::runtime_error' used as base for dll-interface class 'sf::Exception'
  (compiling source file 'image.cpp')
      C:\Program Files\Microsoft Visual Studio\2022\Preview\VC\Tools\MSVC\14.44.35207\include\stdexcept(100,30):
      see declaration of 'std::runtime_error'
      C:\SFML\SFML-3.0.0\include\SFML\System\Exception.hpp(41,23):
      see declaration of 'sf::Exception'
  
  main.cpp
C:\SFML\SFML-3.0.0\include\SFML\System\Exception.hpp(41,47): warning C4275: non dll-interface class 'std::runtime_error' used as base for dll-interface class 'sf::Exception'
  (compiling source file 'main.cpp')
      C:\Program Files\Microsoft Visual Studio\2022\Preview\VC\Tools\MSVC\14.44.35207\include\stdexcept(100,30):
      see declaration of 'std::runtime_error'
      C:\SFML\SFML-3.0.0\include\SFML\System\Exception.hpp(41,23):
      see declaration of 'sf::Exception'
  
D:\Repos\CellularMap\Engine.h(3,10): warning C4067: unexpected tokens following preprocessor directive - expected a newline
  (compiling source file 'main.cpp')
  
D:\Repos\CellularMap\FontManager.h(3,10): warning C4067: unexpected tokens following preprocessor directive - expected a newline
  (compiling source file 'main.cpp')
  
  Object.cpp
  RenderObject.cpp
C:\SFML\SFML-3.0.0\include\SFML\System\Exception.hpp(41,47): warning C4275: non dll-interface class 'std::runtime_error' used as base for dll-interface class 'sf::Exception'
  (compiling source file 'RenderObject.cpp')
      C:\Program Files\Microsoft Visual Studio\2022\Preview\VC\Tools\MSVC\14.44.35207\include\stdexcept(100,30):
      see declaration of 'std::runtime_error'
      C:\SFML\SFML-3.0.0\include\SFML\System\Exception.hpp(41,23):
      see declaration of 'sf::Exception'
  
D:\Repos\CellularMap\Engine.h(3,10): warning C4067: unexpected tokens following preprocessor directive - expected a newline
  (compiling source file 'RenderObject.cpp')
  
  SpriteElement.cpp
C:\SFML\SFML-3.0.0\include\SFML\System\Exception.hpp(41,47): warning C4275: non dll-interface class 'std::runtime_error' used as base for dll-interface class 'sf::Exception'
  (compiling source file 'SpriteElement.cpp')
      C:\Program Files\Microsoft Visual Studio\2022\Preview\VC\Tools\MSVC\14.44.35207\include\stdexcept(100,30):
      see declaration of 'std::runtime_error'
      C:\SFML\SFML-3.0.0\include\SFML\System\Exception.hpp(41,23):
      see declaration of 'sf::Exception'
  
  TestScript.cpp
C:\SFML\SFML-3.0.0\include\SFML\System\Exception.hpp(41,47): warning C4275: non dll-interface class 'std::runtime_error' used as base for dll-interface class 'sf::Exception'
  (compiling source file 'TestScript.cpp')
      C:\Program Files\Microsoft Visual Studio\2022\Preview\VC\Tools\MSVC\14.44.35207\include\stdexcept(100,30):
      see declaration of 'std::runtime_error'
      C:\SFML\SFML-3.0.0\include\SFML\System\Exception.hpp(41,23):
      see declaration of 'sf::Exception'
  
D:\Repos\CellularMap\Engine.h(3,10): warning C4067: unexpected tokens following preprocessor directive - expected a newline
  (compiling source file 'TestScript.cpp')
  
  Generating Code...
BoxRenderer.obj : error LNK2019: unresolved external symbol "__declspec(dllimport) public: void __thiscall sf::Transformable::setPosition(class sf::Vector2<float>)" (__imp_?setPosition@Transformable@sf@@QAEXV?$Vector2@M@2@@Z) referenced in function "public: virtual void __thiscall BoxRenderer::Render(class sf::RenderWindow *)" (?Render@BoxRenderer@@UAEXPAVRenderWindow@sf@@@Z)
BoxRenderer.obj : error LNK2019: unresolved external symbol "__declspec(dllimport) public: void __thiscall sf::Transformable::setOrigin(class sf::Vector2<float>)" (__imp_?setOrigin@Transformable@sf@@QAEXV?$Vector2@M@2@@Z) referenced in function "public: virtual void __thiscall BoxRenderer::Render(class sf::RenderWindow *)" (?Render@BoxRenderer@@UAEXPAVRenderWindow@sf@@@Z)
BoxRenderer.obj : error LNK2019: unresolved external symbol "__declspec(dllimport) public: void __thiscall sf::Shape::setFillColor(class sf::Color)" (__imp_?setFillColor@Shape@sf@@QAEXVColor@2@@Z) referenced in function "public: virtual void __thiscall BoxRenderer::Start(void)" (?Start@BoxRenderer@@UAEXXZ)
BoxRenderer.obj : error LNK2019: unresolved external symbol "__declspec(dllimport) public: __thiscall sf::RectangleShape::RectangleShape(class sf::Vector2<float>)" (__imp_??0RectangleShape@sf@@QAE@V?$Vector2@M@1@@Z) referenced in function "public: __thiscall BoxRenderer::BoxRenderer(class sf::Vector2<float>)" (??0BoxRenderer@@QAE@V?$Vector2@M@sf@@@Z)
BoxRenderer.obj : error LNK2019: unresolved external symbol "__declspec(dllimport) public: void __thiscall sf::RectangleShape::setSize(class sf::Vector2<float>)" (__imp_?setSize@RectangleShape@sf@@QAEXV?$Vector2@M@2@@Z) referenced in function "public: virtual void __thiscall BoxRenderer::UpdateVisualComponents(void)" (?UpdateVisualComponents@BoxRenderer@@UAEXXZ)
BoxRenderer.obj : error LNK2019: unresolved external symbol "__declspec(dllimport) public: virtual __thiscall sf::RectangleShape::~RectangleShape(void)" (__imp_??1RectangleShape@sf@@UAE@XZ) referenced in function "public: virtual __thiscall BoxRenderer::~BoxRenderer(void)" (??1BoxRenderer@@UAE@XZ)
BoxRenderer.obj : error LNK2019: unresolved external symbol "__declspec(dllimport) public: class sf::RectangleShape & __thiscall sf::RectangleShape::operator=(class sf::RectangleShape &&)" (__imp_??4RectangleShape@sf@@QAEAAV01@$$QAV01@@Z) referenced in function "public: virtual void __thiscall BoxRenderer::Start(void)" (?Start@BoxRenderer@@UAEXXZ)
BoxRenderer.obj : error LNK2019: unresolved external symbol "__declspec(dllimport) public: void __thiscall sf::RenderTarget::draw(class sf::Drawable const &,struct sf::RenderStates const &)" (__imp_?draw@RenderTarget@sf@@QAEXABVDrawable@2@ABURenderStates@2@@Z) referenced in function "public: virtual void __thiscall BoxRenderer::Render(class sf::RenderWindow *)" (?Render@BoxRenderer@@UAEXPAVRenderWindow@sf@@@Z)
BoxRenderer.obj : error LNK2019: unresolved external symbol "__declspec(dllimport) public: static struct sf::RenderStates const sf::RenderStates::Default" (__imp_?Default@RenderStates@sf@@2U12@B) referenced in function "public: virtual void __thiscall BoxRenderer::Render(class sf::RenderWindow *)" (?Render@BoxRenderer@@UAEXPAVRenderWindow@sf@@@Z)
Engine.obj : error LNK2019: unresolved external symbol "__declspec(dllimport) public: __thiscall sf::String::String(char const *,class std::locale const &)" (__imp_??0String@sf@@QAE@PBDABVlocale@std@@@Z) referenced in function "private: void __thiscall Engine::EngineLoop(void)" (?EngineLoop@Engine@@AAEXXZ)
Engine.obj : error LNK2019: unresolved external symbol "__declspec(dllimport) public: __thiscall sf::String::~String(void)" (__imp_??1String@sf@@QAE@XZ) referenced in function "private: void __thiscall Engine::EngineLoop(void)" (?EngineLoop@Engine@@AAEXXZ)
Engine.obj : error LNK2019: unresolved external symbol "__declspec(dllimport) class sf::Vector2<int> __cdecl sf::Mouse::getPosition(class sf::WindowBase const &)" (__imp_?getPosition@Mouse@sf@@YA?AV?$Vector2@H@2@ABVWindowBase@2@@Z) referenced in function "private: void __thiscall Engine::EngineLoop(void)" (?EngineLoop@Engine@@AAEXXZ)
Engine.obj : error LNK2019: unresolved external symbol "__declspec(dllimport) public: __thiscall sf::VideoMode::VideoMode(class sf::Vector2<unsigned int>,unsigned int)" (__imp_??0VideoMode@sf@@QAE@V?$Vector2@I@1@I@Z) referenced in function "private: void __thiscall Engine::EngineLoop(void)" (?EngineLoop@Engine@@AAEXXZ)
Engine.obj : error LNK2019: unresolved external symbol "__declspec(dllimport) public: bool __thiscall sf::WindowBase::isOpen(void)const " (__imp_?isOpen@WindowBase@sf@@QBE_NXZ) referenced in function "private: void __thiscall Engine::EngineLoop(void)" (?EngineLoop@Engine@@AAEXXZ)
Engine.obj : error LNK2019: unresolved external symbol "__declspec(dllimport) public: class std::optional<class sf::Event> __thiscall sf::WindowBase::pollEvent(void)" (__imp_?pollEvent@WindowBase@sf@@QAE?AV?$optional@VEvent@sf@@@std@@XZ) referenced in function "private: void __thiscall Engine::EngineLoop(void)" (?EngineLoop@Engine@@AAEXXZ)
Engine.obj : error LNK2019: unresolved external symbol "__declspec(dllimport) public: class sf::Time __thiscall sf::Clock::restart(void)" (__imp_?restart@Clock@sf@@QAE?AVTime@2@XZ) referenced in function "private: void __thiscall Engine::EngineLoop(void)" (?EngineLoop@Engine@@AAEXXZ)
Engine.obj : error LNK2019: unresolved external symbol "__declspec(dllimport) public: __thiscall sf::Clock::Clock(void)" (__imp_??0Clock@sf@@QAE@XZ) referenced in function "private: void __thiscall Engine::EngineLoop(void)" (?EngineLoop@Engine@@AAEXXZ)
TestScript.obj : error LNK2001: unresolved external symbol "__declspec(dllimport) public: __thiscall sf::Clock::Clock(void)" (__imp_??0Clock@sf@@QAE@XZ)
Engine.obj : error LNK2019: unresolved external symbol "__declspec(dllimport) public: virtual void __thiscall sf::Window::close(void)" (__imp_?close@Window@sf@@UAEXXZ) referenced in function "private: void __thiscall Engine::EngineLoop(void)" (?EngineLoop@Engine@@AAEXXZ)
Engine.obj : error LNK2019: unresolved external symbol "__declspec(dllimport) public: void __thiscall sf::Window::setFramerateLimit(unsigned int)" (__imp_?setFramerateLimit@Window@sf@@QAEXI@Z) referenced in function "private: void __thiscall Engine::EngineLoop(void)" (?EngineLoop@Engine@@AAEXXZ)
Engine.obj : error LNK2019: unresolved external symbol "__declspec(dllimport) public: void __thiscall sf::Window::display(void)" (__imp_?display@Window@sf@@QAEXXZ) referenced in function "private: void __thiscall Engine::EngineLoop(void)" (?EngineLoop@Engine@@AAEXXZ)
Engine.obj : error LNK2019: unresolved external symbol "__declspec(dllimport) public: void __thiscall sf::RenderTarget::clear(class sf::Color)" (__imp_?clear@RenderTarget@sf@@QAEXVColor@2@@Z) referenced in function "private: void __thiscall Engine::EngineLoop(void)" (?EngineLoop@Engine@@AAEXXZ)
Engine.obj : error LNK2019: unresolved external symbol "__declspec(dllimport) public: __thiscall sf::RenderWindow::RenderWindow(class sf::VideoMode,class sf::String const &,unsigned int,enum sf::State,struct sf::ContextSettings const &)" (__imp_??0RenderWindow@sf@@QAE@VVideoMode@1@ABVString@1@IW4State@1@ABUContextSettings@1@@Z) referenced in function "private: void __thiscall Engine::EngineLoop(void)" (?EngineLoop@Engine@@AAEXXZ)
Engine.obj : error LNK2019: unresolved external symbol "__declspec(dllimport) public: virtual __thiscall sf::RenderWindow::~RenderWindow(void)" (__imp_??1RenderWindow@sf@@UAE@XZ) referenced in function "private: void __thiscall Engine::EngineLoop(void)" (?EngineLoop@Engine@@AAEXXZ)
main.obj : error LNK2019: unresolved external symbol "__declspec(dllimport) public: __thiscall sf::Font::Font(void)" (__imp_??0Font@sf@@QAE@XZ) referenced in function _main
main.obj : error LNK2019: unresolved external symbol "__declspec(dllimport) public: bool __thiscall sf::Font::openFromFile(class std::filesystem::path const &)" (__imp_?openFromFile@Font@sf@@QAE_NABVpath@filesystem@std@@@Z) referenced in function _main
main.obj : error LNK2019: unresolved external symbol "__declspec(dllimport) public: __thiscall sf::Font::~Font(void)" (__imp_??1Font@sf@@QAE@XZ) referenced in function _main
TestScript.obj : error LNK2019: unresolved external symbol "__declspec(dllimport) public: class sf::Time __thiscall sf::Clock::getElapsedTime(void)const " (__imp_?getElapsedTime@Clock@sf@@QBE?AVTime@2@XZ) referenced in function "public: virtual void __thiscall TestScript::Update(float)" (?Update@TestScript@@UAEXM@Z)
C:\SFML\SFML-3.0.0\lib\sfml-graphics-d.lib : warning LNK4272: library machine type 'x64' conflicts with target machine type 'x86'
C:\SFML\SFML-3.0.0\lib\sfml-window-d.lib : warning LNK4272: library machine type 'x64' conflicts with target machine type 'x86'
C:\SFML\SFML-3.0.0\lib\sfml-system-d.lib : warning LNK4272: library machine type 'x64' conflicts with target machine type 'x86'
D:\Repos\CellularMap\Debug\CellularMap.exe : fatal error LNK1120: 27 unresolved externals
